── Attaching core tidyverse packages ──────────────────────── tidyverse 2.0.0 ──
✔ dplyr     1.1.4     ✔ readr     2.1.5
✔ forcats   1.0.0     ✔ stringr   1.5.1
✔ ggplot2   3.5.2     ✔ tibble    3.2.1
✔ lubridate 1.9.4     ✔ tidyr     1.3.1
✔ purrr     1.0.4     
── Conflicts ────────────────────────────────────────── tidyverse_conflicts() ──
✖ dplyr::filter() masks stats::filter()
✖ dplyr::lag()    masks stats::lag()
ℹ Use the conflicted package (<http://conflicted.r-lib.org/>) to force all conflicts to become errors
Indlæser krævet pakke: Matrix

Vedhæfter pakke: ‘Matrix’

De følgende objekter er maskerede fra ‘package:tidyr’:

    expand, pack, unpack


Vedhæfter pakke: ‘expm’

Det følgende objekt er maskeret fra ‘package:Matrix’:

    expm

Indlæser krævet pakke: MASS

Vedhæfter pakke: ‘MASS’

Det følgende objekt er maskeret fra ‘package:dplyr’:

    select

Indlæser krævet pakke: strucchange
Indlæser krævet pakke: zoo

Vedhæfter pakke: ‘zoo’

De følgende objekter er maskerede fra ‘package:base’:

    as.Date, as.Date.numeric

Indlæser krævet pakke: sandwich

Vedhæfter pakke: ‘strucchange’

Det følgende objekt er maskeret fra ‘package:stringr’:

    boundary

Indlæser krævet pakke: urca
Indlæser krævet pakke: lmtest
[1] "Tlen = 1000, baseline gamma = 0, B = 30"
1
2
3
4
5
6
7
8
9
10
11
12
13
14
15
16
17
18
19
20
21
22
23
24
25
26
27
28
29
30
31
32
33
34
35
36
37
38
39
40
41
42
43
44
45
46
47
48
49
50
51
52
53
54
55
56
57
58
59
60
61
62
63
64
65
66
67
68
69
70
71
72
73
74
75
76
77
78
79
80
81
82
83
84
85
86
87
88
89
90
91
92
93
94
95
96
97
98
99
100
101
102
103
104
105
106
107
108
109
110
111
112
113
114
115
116
117
118
119
120
121
122
123
124
125
126
127
128
129
130
131
132
133
134
135
136
137
138
139
140
141
142
143
144
145
146
147
148
149
150
151
152
153
154
155
156
157
158
159
160
161
162
163
164
165
166
167
168
169
170
171
172
173
174
175
176
177
178
179
180
181
182
183
184
185
186
187
188
189
190
191
192
193
194
195
196
197
198
199
200
Time Series:
Start = 0 
End = 999 
Frequency = 1 
               X            Y1           Y2           Y3
  0  1.243548341   1.721761403  0.604025423  1.178539608
  1 -0.480626761   3.642356124 -1.640025883  1.020736481
  2 -0.144364126   0.787974416  0.111329379  0.794810586
  3  0.207287084   3.395491588 -0.362336174  0.851437820
  4  0.919565460   1.873214755 -1.769413239  0.952026175
  5  1.557624000   1.312765088 -1.396306701 -0.069082511
  6 -0.566826337   1.536356801 -1.180068265  2.601237888
  7  0.054278575  -0.982291995 -0.015209807  0.757202157
  8 -0.664591346  -0.827274621 -0.855109575  0.253327440
  9 -0.837823249  -1.683038362  0.626901106 -1.158814334
 10 -0.096061745  -1.308439966  1.401869551 -0.694680496
 11 -0.465531569  -1.332571221  0.365999431 -0.236583145
 12 -0.583587333  -0.281219975 -0.015280620  0.825432421
 13  2.095235678  -1.705324303 -0.241499693  0.482556960
 14 -0.350133927  -0.296798576 -0.921399145 -0.583770960
 15 -0.983854046  -0.096661873  0.109748467 -0.286775944
 16  3.626203395  -1.390156266  2.450662971  0.011142992
 17  0.574870959   2.220729887 -2.198287905  1.803280015
 18  2.030610170   0.369533413 -1.291670246 -0.073917121
 19 -0.221701366   2.783337707 -1.064426435  1.155500787
 20 -0.660363723   1.171860708 -0.694679938  0.177718000
 21  1.145177091  -0.053030237  0.940409806  0.417066559
 22  0.586131208   1.892064515 -1.209273825  0.063326049
 23  0.166696068   1.180118338 -0.704398986 -0.712716264
 24 -0.518388171   0.680102882 -0.734843143 -1.116551947
 25  0.790981825   0.212746641  0.300107412 -1.479289972
 26  0.414873763   3.501862414 -0.968165971  0.442986148
 27 -0.347173836   2.499654948 -0.314858642  1.680337980
 28 -1.035754231  -0.354191078 -0.420028420  1.443120284
 29 -0.781637836  -3.054343597 -0.369342947  0.052482703
 30 -0.928488319  -3.318161522  2.076707687 -0.957444137
 31 -1.174732134  -3.578022710  3.184402728 -0.276166304
 32 -1.155584874  -3.396365127 -0.260117063  0.491853249
 33 -0.863417126  -4.557328455  0.605356062 -0.765035658
 34 -1.024609708  -4.658037510  2.760353943 -1.707681389
 35 -0.687008005  -3.358055662  2.556228459 -1.042677153
 36 -0.924443746  -2.697722624  0.195577482 -1.110822387
 37  0.512382284  -1.101949497  1.070265725 -2.139580987
 38  0.850508774   2.819186336  1.186839749 -1.607038517
 39  1.014755786   3.618437639 -2.075217891 -0.802355627
 40  0.708419050   4.115499084  0.187090404 -0.031401032
 41  0.626153362   3.000232396  0.155980134  2.290418613
 42 -0.521083328   3.040330134 -2.036306766  3.230413588
 43 -0.482557082   0.974101651 -0.432514018  2.713864901
 44  0.831436273  -1.700106715 -1.261466565  1.718318934
 45 -0.074641038  -2.304890776 -0.912611133  0.051530365
 46  0.300231013  -2.297222964  0.704232871 -1.474716445
 47 -0.733439629   0.779787539  0.745617708 -1.556447889
 48 -1.031715090   1.082659541 -0.104119294 -0.712434158
 49 -0.404430246  -0.273463341  0.438106679 -1.117492207
 50 -1.009307326   0.127048495  0.223604667 -0.827310504
 51 -1.037884256  -0.673102522  2.045816905 -0.974824704
 52 -0.820306619  -0.869332105 -0.466760997  0.454256731
 53 -0.145033987  -2.582029624  0.849151013 -0.933288465
 54 -0.367113707  -0.313498698  1.244751172 -1.877883270
 55  0.009261511  -0.102612550  0.425906463 -0.711700752
 56  0.571004934  -0.312101851  0.968452850 -0.707670171
 57 -0.432707461   0.918607026 -0.864225734  3.405300434
 58 -0.843133782  -2.308395139 -1.208194905  1.634550583
 59 -0.270385227  -4.142975422  0.646741712  0.037709305
 60  0.474846156  -3.306832184  1.220838485  0.601645042
 61 -0.319158755  -3.338337958 -1.125983205  1.744667618
 62 -0.463647927  -4.399986286  3.278511235 -0.494642995
 63 -0.228251688  -4.399600453 -0.528628602 -0.385267790
 64  0.337608764  -3.125128215  0.593819541 -2.453114682
 65  0.819140843   1.649184253  0.202605445 -2.610205000
 66 -0.091114294   2.714173926 -0.081074768 -1.991722539
 67  1.226743458   3.202366027 -0.342828840  0.004795079
 68 -0.334522771   2.553061714 -0.529392421  6.022453088
 69  2.850924467  -2.964742926 -2.007133143  4.593207217
 70  0.291185643  -0.208900940 -2.650288094  0.614324864
 71  0.033077926  -0.915031214 -0.314901572 -1.339400509
 72 -0.559874678   1.044410463  0.081843185 -2.220104099
 73 -0.083143463   0.887925029  0.516779750 -1.736099157
 74  0.069888457   2.064894561  0.492492983 -1.179667401
 75 -0.564970558   4.997081937  0.789207292  0.024934620
 76  0.656870972   2.452967642 -0.864065072  1.011613928
 77  1.101410973   3.173795432 -1.908781677  0.435772916
 78 -0.761054074   2.395895595  0.698452060  2.670645042
 79 -0.517496719  -0.881929480 -1.977986111  3.274193350
 80 -0.048287526  -3.702188673 -0.659067190  0.443066489
 81 -0.193992345  -3.989101298  0.723061476  0.573373694
 82 -0.385302853  -4.466095109 -0.063700178 -0.080179980
 83 -0.395733792  -4.188872292  1.461260528 -2.288702266
 84 -0.890207185  -1.748503810  2.803504655 -3.024975308
 85 -0.803303385   0.563282761  0.260752022 -1.340092119
 86  0.088849775   1.053563324  0.253941621 -1.358219804
 87 -0.907418565   1.782540358 -0.868146640 -1.446250729
 88 -0.761121999   1.673772476  1.615376818 -0.758193097
 89 -0.906525925   2.938509479 -1.192681414  1.163948170
 90 -0.197762702  -0.128034870 -0.341160357  0.416492295
 91 -0.091306108  -0.589440496 -0.196376920 -0.128502929
 92  1.098675844  -1.072570363 -0.341521079 -1.123184260
 93  1.232880427   0.494812221  0.477198492 -1.895657845
 94 -0.272628982   2.831863958 -0.180143656 -1.871573787
 95  1.544623593   3.944052233 -0.600998874 -1.040570254
 96 -0.417919878   7.058516926 -2.176132857 -0.800671056
 97 -0.744946519   4.903980126 -1.248972905  0.173237323
 98 -1.102246380   1.863080521  0.106766837  1.133445105
 99  1.039747331  -0.772772448  0.367568575  0.424479577
100 -0.587172090  -0.845787653 -0.544744261 -0.120364645
101  1.227170493  -2.103559004  0.479572016 -1.326759093
102  0.338537321   1.118006202 -0.687266726 -1.844570886
103 -0.575769618   1.571072198  1.676654543 -1.192631432
104 -0.696462501   0.830333578 -0.462760860  0.090868034
105  0.412531979   0.291546136 -0.063632161  4.202359900
106 -0.706176901  -2.775659307 -2.552888559  2.620159555
107 -1.051956321  -4.866933010  3.601009906 -0.627976919
108 -0.336985820  -4.392906660  0.326987844  1.273034073
109  2.066849508  -4.296617155 -0.215076783 -0.987974904
110  0.212673971   0.349031412  0.337082873 -2.293356425
111 -0.603722216   1.646266763  0.275644595 -0.630321043
112 -0.572491695   1.706506028 -0.766228289  0.886473203
113 -0.989685301  -0.352311567 -0.717926155  0.420329874
114  2.321083479  -2.438437861  1.916092131 -0.744543236
115  1.197042871   0.067178221 -1.547692213 -0.756404690
116  2.261539398   0.657435044 -0.675368364 -0.476860885
117  0.561129392   1.926925904 -1.707269775 -0.757500808
118 -0.527950625   2.502595904 -0.874253909 -0.630253398
119  0.130771900   1.877321196 -0.429920342 -0.909127418
120 -0.538356223   2.170116329 -0.941128591 -0.798016225
121 -0.473658170   0.623770825  0.636489475 -0.396852995
122 -0.643807301  -0.329507806 -0.411513512  0.498690070
123 -0.981590215   0.140566885 -0.166087193 -0.804675707
124 -0.485781459  -1.039416299  0.381842491 -0.430344670
125 -1.066811989  -1.944778965  0.007751495  0.005669066
126 -0.840427279  -0.582758871  2.239187103 -0.200037855
127 -0.430132555  -0.703724329 -0.962025894  4.316101378
128 -0.362771468  -3.367806866 -0.664998419  1.969073282
129  0.086757890  -4.912089858  0.630068367  5.712706121
130  1.150492125  -5.626292809  2.714261968  2.811976183
131  1.346908064  -1.442347420 -0.761200070  1.110187835
132 -0.183463798  -0.716225119  0.270576177  0.384223061
133  0.533013927   0.305952602  2.196079979 -0.768827861
134 -0.309604097   0.610950034  0.137389182  3.095559157
135 -0.262628240  -2.311848854 -1.856959076  1.377764566
136 -0.606662545  -2.990935431 -0.028554268 -0.379820703
137  0.447349353  -3.078967533  0.576968753 -1.136392348
138  1.144549833  -2.153193815  0.602294175 -1.895320450
139 -0.694731404   1.432692909 -0.514294286 -2.508049036
140 -1.015797254   5.362144566  1.321004402 -1.710433267
141 -0.310444916   4.758210913 -1.169033080  0.753082135
142  1.078137002   5.823600668 -1.522990787  0.750450425
143 -0.171307455   5.396281248 -1.102571511  0.562372134
144 -0.947506520   3.537888315 -1.857887314  0.981499419
145 -0.927076672   0.967158955  1.064207308  0.661806175
146 -1.133068515  -1.169420741 -0.049910568  0.251897775
147 -1.228934322  -2.939341598  0.627064229 -0.812065488
148 -1.199213415  -3.652566270  1.990946804 -1.287345034
149  4.066446403  -3.422291731  2.113793926 -1.295884278
150  1.573945440   1.595407040 -3.154784105 -1.349945532
151  0.396488266   2.878133606 -0.520044886 -1.980197752
152 -0.625053697   4.690723069  0.069286001 -1.758064611
153 -1.025440184   4.693807089 -0.902493842 -0.817762923
154  0.675903027   3.370258579 -0.657011866  0.350250295
155 -0.133000308   2.012543441 -0.810712778  1.557755640
156 -0.523548533   0.731145212 -1.511691329  2.642979572
157  1.578664757  -0.879155788 -1.107523733  0.489551268
158 -0.515453683   5.093901058 -1.316158185 -0.165266332
159 -0.757594602   6.152275314 -0.271916370  0.924610441
160 -0.881582927   5.161183228 -1.809290677  1.903456228
161 -1.170286708   3.228944535 -0.765441860  1.897275385
162 -0.836802566  -0.300003611  3.161240408  1.099524044
163  0.161572122  -0.479780595 -0.617621041  1.223291982
164 -0.585512483   2.460354544 -0.804892735  0.007193519
165 -1.107970644   1.207899377 -0.424086987  0.288970768
166 -0.683256432   1.103696706  0.160375574 -0.075400615
167 -0.950483941   0.014319738  0.155893696 -0.562965291
168  0.117845928  -0.721913038  0.069717162 -0.632137376
169  0.402632204   0.622450160  0.138305354 -1.003644966
170  0.784812579   1.038503845 -1.065332381 -0.495565649
171 -0.041333826   1.412039506  1.573390948 -0.867292584
172  1.338967416   1.000086353 -1.449411431  3.541056988
173  0.752059149   1.262884392 -1.960974253  1.130912562
174  0.165248811   0.206159356 -0.636811488 -0.383533402
175  0.516931047   0.157962203 -0.249087418 -0.475478824
176  1.378363605   0.185196195 -0.530526205  0.002624248
177  0.358972153   1.388932384  0.044038012  0.341853835
178 -0.698217390   3.740351804  0.433709952  0.180027495
179 -1.003002687   2.062125315 -1.162879313  1.809111670
180 -0.727844514  -1.044781873 -0.533153987  1.139451622
181 -0.680504278  -1.012793362  0.349316030  0.629042105
182 -1.115965634  -2.604036012  2.862822029 -0.411020826
183 -0.597349114  -2.629369948  0.835866763  1.652723106
184 -0.030522876  -4.315527198  2.767590590  2.718758752
185 -0.727720260  -4.593610614 -1.571179291  2.121803475
186 -1.148904609  -3.483528173  1.330663543 -0.834445908
187 -0.656079240  -3.660743437  2.490839667 -0.442847958
188  1.220766914  -2.220427989  0.680007302 -1.209862400
189 -0.690512557  -0.264449510 -0.190804502 -1.765442162
190  0.514011629  -0.732291251  1.857916593 -1.852970679
191  0.814656958   0.688578632 -0.810418529 -1.686663195
192  0.331207865   1.786906189 -0.264215769 -1.607302753
193 -0.217555642   1.987009177 -0.246892376 -1.119358686
194 -0.330269545   2.151646723 -0.139740972  0.727120966
195 -1.016420586  -0.110011778 -1.301102979  0.747613708
196 -1.211520785  -2.167790163  0.322555785 -0.466058599
197  0.244057761  -1.784891078  0.864167723 -0.959036091
198 -0.277650076  -0.486655692  1.250821404 -1.403433858
199  0.655017947   1.505484030  2.296798171 -0.846822476
200  0.324893739   1.346963094 -1.877795781  0.012350187
201 -0.874946722   0.483213632  1.359392993 -0.549126280
202  0.520432669   1.129715520  0.948163871  1.683621276
203  0.877256598   0.870623233 -1.307712398  2.618284847
204  1.843814839   0.524984438 -1.589833076  2.522104502
205  0.337021356  -0.313679251 -1.476048744  1.618648593
206 -0.794954590  -0.891053681  1.122137386  0.023938684
207 -0.600492631  -2.315660252 -0.534086583 -0.063024719
208 -0.862332722  -2.557919068  1.184810781 -0.034865819
209 -1.129223264  -3.580542474  1.115895775 -0.376895465
210 -0.749571173  -4.242159053  2.125330134 -0.517402050
211 -0.121565176  -1.166870193  1.288819687  0.089533477
212  1.485163412  -0.723547601  0.926289244 -0.581558321
213  0.351127929   0.298690936 -1.681246879 -0.042113236
214 -0.454482448   0.271290504  0.688042635  2.549943568
215  0.083812459  -2.160499664  2.242494053  1.801529541
216  0.218104514  -2.383957803 -1.711353941  0.760340994
217 -0.578798383  -2.219607107  0.011496112 -0.918758318
218  0.581889217  -2.218762825  0.282338085 -0.781407413
219 -0.265512541   0.456928253  0.456309843 -1.595739616
220 -0.112118285   0.994208938  0.981964096 -0.850843980
221  0.663563896   0.848043140 -0.922288910  0.624887878
222  0.136022854   0.532238361 -0.848786760  0.814107134
223  0.406830738   0.002748442 -0.790278399 -0.235318103
224  3.828851289   2.503254557  1.658950475 -0.230964944
225  0.112441773   5.056979730 -2.935342223  0.127579263
226 -0.831893800   3.136974945 -0.575456764 -0.021449106
227  0.802579113   0.647259941  1.788228906  0.887043124
228 -0.336046537   0.108237302 -0.031183282  0.736295168
229  2.734382377  -1.384733156 -0.784527158  0.120522879
230  0.892153716   1.156948141 -0.810866867 -0.579121024
231  1.867672377   1.716672429 -0.250568176 -1.266436289
232 -0.128575805   5.024459563 -1.992534045 -1.380820266
233  0.422981754   3.488483112  0.299426159  4.854635760
234  2.396770421  -0.658077165 -3.598831760  3.701203883
235  1.196179780   1.068235117 -2.125567657 -0.092421909
236 -0.593763646   1.500339949 -1.142219162 -1.285436037
237 -0.497417191   1.478748658  2.455007946 -1.766156795
238 -0.794996783   1.387804612 -0.157593024  0.748327137
239  0.541894967  -0.596219108 -0.882976101  0.100386906
240 -0.296601477  -0.028717963  0.699563137 -0.890531035
241 -0.292692427   4.308761502  0.678357766  0.196642931
242  2.231909710   4.701264306 -2.053253020  1.428537922
243  0.394094612   4.134495561 -2.597194510  0.516478051
244  2.203092840   2.514642390 -0.883641995  2.001587715
245 -0.041317529   1.732399601 -2.070450029  1.152585595
246 -0.946736414   2.707665098 -0.954981481  2.692049660
247  1.307764936  -1.134232470  1.283186244  2.444884491
248  0.497627885  -1.868813352 -1.860889841  0.895875749
249 -0.162314536  -2.353211663 -0.423598716  0.974125213
250 -0.027571448  -3.461196045  0.374206383 -0.876886445
251 -0.807221688  -2.920414764  0.727873017 -1.791564945
252  1.535859405  -2.611416109  0.978238435 -1.107632007
253 -0.592998125  -0.816108301 -1.140295117 -1.750573187
254  0.849320575  -0.875073500  2.042508603 -2.603263196
255  2.417987098   1.240929770  0.858112418 -1.911849596
256  0.691928011   4.182441954 -0.768668875  0.311475087
257  0.649501977   2.648550513 -1.058356294  0.104449828
258 -0.289582733   2.497048076 -1.005549857 -0.527000870
259 -0.778579369   1.524263988 -0.793814029 -0.683328855
260  2.038575356   0.333934479 -0.127646747 -1.319999843
261  0.138910758   2.155446125  0.475117269 -0.947201674
262 -0.758257692   1.477287695 -1.267397444 -0.703183060
263  0.252468097   0.062636863  0.819267054  0.202318802
264  0.075470637  -0.655124259 -1.424388083 -0.195387983
265 -0.709078220  -0.098801805  1.479071656 -0.488381224
266  0.781740062   0.846634648 -0.711259226  0.856645075
267  0.421013311   0.924916390 -1.656098432  1.353934803
268 -0.420500159  -0.410113255  0.469077678 -0.347531443
269 -1.075562512   0.335250566  0.201159729 -0.327421258
270  1.793010585  -1.349306611  0.439184408  0.172005231
271  0.969428943   0.994280970 -1.885120450  0.450656021
272 -0.270858472   0.483828857 -0.311154068 -1.109574601
273  1.157479334  -0.076718329 -0.309005221 -0.553128832
274 -0.029904031   0.656494780 -0.910511946 -0.246634551
275 -0.977446183  -0.309827311 -0.645657435 -1.328593486
276  0.208348703  -0.530935436  2.614745348 -0.954082218
277 -0.516415070   2.271833189 -1.053836700 -0.308242440
278 -0.409652427   1.773506001 -0.116775187 -0.809636348
279 -0.723318050   2.920766731 -0.112857215  0.035861916
280  0.355711142   0.988682208 -0.116442269  0.443587056
281 -0.225096567  -0.009945289  0.057681271  1.298186057
282  0.608226144  -1.925908482 -0.817585337  0.852290129
283  2.864846306  -2.036205496 -0.167963171 -0.163209504
284  0.513227350   0.433461176 -2.016982646 -1.762769263
285  0.463984851   1.527970345  1.581919080 -2.652979788
286  5.387224094   3.191211274 -1.348007814  0.008181616
287  0.386585296  11.817060272 -3.908163710 -0.902577291
288  1.444758210  13.430327729  0.111391144  1.150011232
289  0.464948023  10.350541688 -3.270036369  5.255769573
290  2.045677216   5.348477058 -2.860449561  4.338906265
291  0.323522963   3.104609557 -3.964837506  4.440350520
292 -0.574952507   0.726198654 -1.903623364  1.771030412
293 -0.174844062  -1.712624328 -0.131927034  0.358147593
294 -0.679196947  -2.524849229  1.156654745 -0.718538156
295  6.028425370  -2.580960469  0.509299710 -0.712410217
296  0.690035648   3.870656102 -3.317792115 -1.897620578
297  0.530437255   4.046414012  0.271713449 -1.466487176
298  0.826035613   5.330974431 -1.674681896  1.410664339
299  0.728059249   3.498352803 -1.906774276  0.857412870
300  1.358117912   1.821376014 -1.142744828  0.288806065
301 -0.517057871   4.994442307  2.033546210 -0.171117228
302 -0.109835269   3.254852071 -1.949974570  2.532898774
303  3.437734217   3.222983060 -1.375055298  3.054493138
304  1.927071752   3.046060026 -3.194473543  1.965099828
305 -0.007172894   4.402337828 -1.625715412  1.195525506
306 -0.674554118   1.631527308 -1.275231319  2.475605914
307 -0.574106180   0.396602322 -1.249295217  2.262844711
308 -0.381112232  -2.087453558 -0.837267913  2.746760428
309  0.574004262  -4.205550778 -0.116241773  0.822807939
310 -0.754128520  -3.043821107 -0.457468931 -1.077115240
311  3.364118434  -2.989301920  1.058969398 -2.128010860
312  3.151643119   1.573783637 -0.141368341 -2.634906364
313 -0.243546578   4.967916939 -1.523046053 -0.870663773
314 -0.928408707   3.383087796 -0.593312294  2.034687715
315 -1.077645266   1.972667227 -1.568524796  1.273300468
316 -1.192805196  -1.009787499 -0.430108044  2.155842563
317  0.384895297  -3.993633130 -0.195468252  1.354380079
318  0.361339737  -4.277695947  1.146150952 -1.060253642
319 -0.239945772   1.245150110  1.135885778 -2.291892420
320  3.316448818   3.464600259 -0.248802678  1.128383474
321  0.246358380   5.294095839 -3.715462448  3.303803427
322  0.209488753   3.197475922 -1.832258515  1.726702627
323  0.755353219   2.558658040 -0.705833118  1.035769287
324  1.847312244   1.107216623 -2.155159590  2.874569775
325  0.734876371   0.213456281 -1.675733691  0.805580550
326 -0.653967728  -0.351535590 -0.647868131 -0.972334009
327  0.023406240  -1.272954240  1.642560309 -1.245736678
328  0.781776972  -0.919017593 -0.086229819 -1.003320541
329 -0.710126446  -0.212457618 -0.636135333 -1.487902229
330  0.458944988   0.238735986  0.300654826 -1.603481896
331 -0.284822434   0.677217385 -0.531103242 -1.619643035
332  1.482751906   0.413990339 -0.114213574 -1.847244178
333  0.466615082   1.975616314  1.162919792 -0.596514705
334 -0.112609233   1.731276252 -0.995374825 -0.316877907
335 -0.836650442   0.895724308  2.199650976 -0.890740435
336  0.573396211  -0.134796837 -0.465219496  1.997382424
337 -0.453172256  -1.283532418 -0.109905976  1.572917959
338 -0.775859547  -2.621619466 -0.219113217  0.409703595
339 -0.067855231  -2.416247011  0.968022628 -1.438773049
340 -0.496910502  -0.636555066  1.140998334 -1.541717817
341  0.495488627  -0.876191546  1.467827714  0.207607408
342 -0.888983512   1.073889410 -1.167503936 -0.355074649
343 -1.106728768   0.848926193  0.933473006 -1.227205577
344 -0.710133838  -0.342603953  3.376701205  1.473435356
345 -0.832890801  -2.216019606 -0.294295486  2.337455128
346 -1.115383449  -3.023432782 -0.565299047  0.969683002
347 -1.213734201  -4.328803278  1.223290530  2.398440600
348 -0.695055468  -6.023285636  1.872143292  2.319516017
349 -0.204286281  -6.593626239  0.233531069  1.677052062
350 -0.864810623  -7.074181511  3.299323323 -0.901585145
351 -1.115248499  -5.981117205  3.991591235  0.176429201
352 -0.840848846  -5.494273003  0.859772304  0.142672471
353 -0.698120348  -5.473778266  1.078644274 -1.772650241
354 -1.023720992  -2.976947833  1.021578930 -3.228358806
355 -0.001572493  -1.741605179  1.922696514 -3.225796648
356 -0.440878018   0.123385904 -0.011172692 -1.573429366
357 -0.974215226  -0.211072003  0.045434101 -1.637180925
358  0.409311102  -0.979274979  3.162154836 -0.990919985
359  0.294886825  -0.484067663 -1.905065731  0.436206153
360  0.071592026  -1.224399466  2.910113403 -0.375842237
361 -0.249294319   0.143253635  1.052957492  0.238579771
362  1.733603369  -1.175330909  2.225450134  0.220921496
363 -0.121340306   4.144627231 -2.154182683 -0.015879872
364  0.339965818   2.974360012 -0.538575683 -0.361223200
365 -0.889891539   2.237602544 -1.197920763 -0.529718305
366 -0.025028019   0.266696239 -0.117308728 -0.852299761
367 -0.799626971   0.071293248 -0.471123193 -1.344397374
368 -0.877093545  -0.281855584  1.336374803 -0.643602262
369 -0.880922515  -1.030881746  1.060000429  0.114040384
370 -1.006449848  -1.775231475 -0.096050480  0.150090996
371 -0.337468889  -3.273332195  0.668627211 -0.351642478
372 -0.976266611  -0.158802555  0.237634430 -1.799233618
373  0.029737049   0.483552364  0.264825930 -0.983402125
374 -0.961622225   1.678311915 -0.733725432  1.110764718
375 -0.889742345  -0.206921173  0.527118327  0.927637026
376 -1.118387990  -2.500097962  1.350552841  0.137244713
377 -0.528886964  -2.073126991  0.982599710 -0.047151027
378 -1.054483756  -2.556959502 -0.433876641 -0.946638521
379 -1.155793849  -2.519907624  2.598387379 -2.187414066
380  0.378656861  -2.271064200  0.581827155 -0.419998396
381  1.031572736  -1.895032147 -0.101272605 -0.153103565
382 -0.269268983  -0.225694335  0.576470257 -0.408820360
383 -0.954696092  -0.926064329 -0.267462809 -0.612255526
384 -0.697045500  -2.172248612  0.421311075 -1.009912538
385 -0.363708641  -2.638960717  0.298405430 -0.778933838
386 -0.103668470  -2.108821972  0.670776959 -1.912486691
387 -0.679251257  -0.376891844  0.457972900 -1.902051100
388 -0.439028577   0.243445579  0.363339838 -1.671150947
389 -0.029306806   0.607119289  0.144898159 -1.636091531
390 -0.739071017   2.219904966  1.124427780 -1.512381908
391  1.290138656   2.481865124 -0.783331150 -0.762899645
392  0.788922274   5.201228011 -1.007170735  0.368357330
393  1.149571319   3.430592165 -0.903688247  0.389593824
394  0.276839317   3.632050788 -2.184826477 -0.157967250
395  1.021514120   3.203576570  0.745284564 -0.506268926
396  0.238094810   5.185527123  0.091299998  0.093472747
397  1.024606184   3.796416874 -1.499414082  0.578968376
398 -0.640315535   5.395850197  1.428639242  1.719408997
399 -0.077409115   2.238198298 -1.160794494  4.348034891
400  0.651526792  -1.261627410 -2.050845018  3.143758400
401 -0.427507999  -1.012756824 -0.713579226  1.094406893
402  0.129850144  -0.678190856  0.266248109 -0.295353078
403 -0.369561945   0.814788186 -0.851287317 -1.255876895
404  0.370940446   1.066351397  1.524371493 -0.935269942
405  0.621394724   0.771859524 -1.192935419 -0.541579140
406 -0.815168145   1.816640440 -0.473309027 -1.616837053
407 -0.011010076   1.286701237  2.064800929 -1.594049710
408 -0.821016235   1.058769161 -0.970669308  1.776141253
409 -0.426757220  -0.131652593 -0.534374827  0.305361086
410 -0.864554476  -0.242666781  1.238358858  1.320749325
411 -0.403684717  -1.854432508  0.265017671  0.604897384
412 -1.016752406  -2.522201558  1.559342263 -0.601709331
413 -1.172557663  -2.534224908 -0.072746877 -0.661765429
414  0.039255464  -1.354688557  0.787727497 -1.696799509
415  1.610323130  -0.154915972  0.984530590 -2.112477950
416 -0.083496429   4.006645195 -1.105325975 -2.062695165
417 -0.443191273   3.768866494  0.855424442 -1.662827345
418 -0.989582587   2.606147262 -1.288500636 -0.372951161
419 -0.820627916   2.587928989  1.189632085  1.175838981
420 -0.883780710  -0.509525876  1.104143863  2.437610194
421 -0.483390194  -1.504420286 -1.489276418  1.055327629
422 -0.166104651  -2.875389093  0.383597269 -1.079801859
423  0.025003657   3.339460591  0.412392854 -1.885115129
424 -0.322301481   3.679651719 -1.124997312 -0.884436009
425 -1.055884795   2.138033089 -0.907836812 -0.188134440
426 -0.422978260  -0.066646492  0.848320309 -0.009775994
427  0.148064642  -0.790052621  0.776396623  0.025569415
428  0.458126659  -1.431392788 -0.943358724  0.107343151
429 -0.124571995  -1.590402562 -0.161434831  5.343553958
430 -0.769448949  -4.395029697  0.107015651  2.477509111
431 -0.943268788  -3.912737524  0.934850659  2.191176887
432 -0.608951057  -5.513230089  0.733882886  5.713447925
433 -0.910718915  -9.000527116 -1.293861658  2.400980460
434  0.321217757 -10.033498966  2.168904780 -2.203206457
435 -0.565512987  -6.758821676  1.364948542 -3.512900030
436 -0.287611656  -4.240214436  3.414557042 -4.147794348
437 -0.095742700   0.071102642  0.764807572 -3.045015930
438  0.509669300   0.902536201 -0.045916776 -2.058797950
439 -0.178411856   2.884622086 -0.455038060  0.597823823
440  0.855526267   1.226919395 -0.938466654  0.476844032
441 -0.004672724   0.709930118 -1.352385493 -0.330288122
442  0.778306120   0.690451833  0.720743361  1.358123734
443  0.170775795  -0.368891119 -2.380199001  0.465086771
444 -0.412350119   0.662834286  0.153597377  1.529722008
445 -0.523960207  -1.253799323 -1.381206852  0.457941160
446 -0.763210782  -1.978939056  1.086017512 -0.992475157
447 -0.071225663   0.853873140  0.280879007 -1.201244709
448 -0.923873704   1.242989038 -0.773708147 -0.745243805
449  0.639511828  -0.426560023  0.469481130 -0.629117101
450 -0.237248531  -0.210165639 -0.866134855 -1.283125821
451 -0.422339713   0.007097475  0.309551443  0.093484657
452 -0.627203395  -1.420688893  0.398075618  0.824345273
453  1.146074421  -1.634636282  0.192924886  0.379716582
454  0.370199819  -0.680185891 -0.517637664  2.539035588
455 -0.082576547  -2.659092736 -0.138410490  1.609835636
456 -0.944258372  -3.258863418  0.498227446 -0.009716798
457 -1.120029215  -4.319816373  1.194238339 -1.306327583
458 -1.226308685  -3.935725681  1.114204968 -2.060417733
459 -0.757340110  -2.840398557  2.261870876 -2.613832814
460  1.165496854  -1.567188467  3.712124740 -0.142452629
461 -0.542582142  -0.742669126 -2.307484412  1.637769406
462 -0.749039168  -3.066259392 -0.102821283  1.172560934
463 -0.910345223  -3.574375695  0.429681395 -1.060353547
464 -0.845913593  -1.001120438  1.636668844 -2.254689255
465 -0.989785496   2.158311430  1.209348306 -1.127899478
466 -0.265527596   0.540251520  3.171105584  0.033997542
467 -0.719170419   0.050529183 -1.944050891  0.923664038
468  2.316435326  -1.836961424  0.250349928 -1.031392834
469  0.372724070   1.661064648 -1.440220614 -1.964294535
470  0.371793273   4.704928084  2.112301044 -1.076249218
471 -0.902412665   4.990615676 -1.170903051  1.688721481
472 -1.181834382   2.930030392 -1.293214156  1.675573407
473 -0.980799288   0.635945067 -0.139862724  2.417157238
474 -0.003092667  -2.800219233 -0.205302876  2.982860533
475  0.429982829  -3.364190617 -0.668503073  2.238592567
476 -0.513423787  -4.477252631 -0.223950698 -0.459386273
477 -0.975283094  -4.294320417  2.661111478 -1.478608022
478 -0.076897496  -3.972401301  1.225675832 -1.502887951
479 -0.885294665  -2.867390147  1.313362301 -2.286586912
480 -0.819699385  -2.022116845  1.087022134  1.830105078
481  0.697776285  -1.889924209 -0.720962334  0.470197745
482 -0.833878659  -1.054551669 -0.738153762 -0.492401396
483 -1.102597802  -2.201281239  0.532969658 -1.787560860
484  1.743708047  -2.524150303  1.394736377 -1.394330063
485 -0.378298842   0.973859484  2.334738062 -1.961378168
486 -0.349926992   3.537325267  0.206485388  0.403695326
487 -1.012529263   1.428101605  3.994599844  0.415518778
488  0.255162597   0.243384494 -1.727363324  2.692403606
489 -0.700825336  -2.026703732 -1.412483460  0.312196734
490 -0.601563863  -2.986929344  1.065731416 -1.766750309
491 -0.232415251  -1.041226222  0.845075651 -2.080771844
492 -0.341393917   0.622338538 -0.106491100 -1.832239272
493 -0.163144889   0.519780594  1.807553974 -2.064607295
494 -0.603680560   1.049479626 -0.739579748 -0.839941862
495  0.231645410  -0.196351297 -0.073195200  2.524111818
496  1.480616801  -1.442367170  0.247642033  1.028521162
497  1.577563134  -0.321714775 -0.943880736  0.574464464
498 -0.097825000   0.090457614 -1.255974060  0.400332659
499 -0.933242817   0.257308147  0.329019676 -1.211143068
500 -0.559055075   2.109012084  3.372868931 -0.984005240
501 -1.002914108   1.913009803 -1.709889288  0.773283545
502 -0.936871159  -0.334418749  0.742532780 -0.482517176
503 -0.936438459  -1.599806946  2.519315735  2.516411830
504  0.970979287  -3.715690274 -0.470711946  2.082771239
505 -0.630309092  -4.068581174 -1.155943387  1.321475397
506 -0.117472055  -4.611740084  0.686197853 -0.833086593
507 -0.437967960  -0.424085528  3.086219483  1.302890673
508 -0.982259349  -0.528773144 -1.688316518  1.165574444
509 -0.866744209   1.390885518  0.515654281 -0.935621340
510 -0.263662575  -0.056841631 -0.567651434 -0.719231293
511  1.054841753  -0.515368123  1.784732912  0.266145696
512 -0.612584253   0.781428106 -1.758861043  0.186106969
513  0.423878478  -1.104835284 -0.094152913 -0.276254341
514  0.115926285   1.197488795 -0.856081286 -0.456824942
515  0.095045188   0.600939296  2.423638146 -0.703256052
516 -0.469299796   0.650379028 -1.168663594 -0.252956122
517  0.312936425   1.624522328  0.910372445 -0.543628301
518 -0.820575304   0.857011942  2.312508600 -0.506736374
519 -0.500541742  -0.678413890 -0.852766306  0.353659685
520 -0.954105800  -1.378580040 -0.051625752  0.361491716
521 -1.000523944  -2.562911468 -0.146186218 -1.034377916
522  2.797361673  -2.678709103  1.717370967 -1.234798450
523 -0.341923377   2.302699534 -1.689176221 -1.207454730
524  4.362822220   2.326656825 -0.244929827 -0.863741073
525  0.487263118   5.933728142 -3.156643970 -0.015730506
526 -0.728357348   4.168761528 -1.015652813 -0.244103481
527  1.936807570   4.784041640 -0.614307850  5.106669964
528  0.999506920   2.541916378 -4.526525588  4.305524060
529 -0.115440445  -0.206668298 -0.160091956  0.873959146
530  1.625952179  -1.004365800 -0.558521606  0.320364219
531 -0.097576847   1.204587120 -1.538015475  0.737850075
532  1.510442993   0.239202569 -0.602437144 -0.083802175
533 -0.322697638   1.438956818 -1.530653327 -1.165224071
534 -0.954411287   4.495424013  0.979091211 -0.826787472
535  2.922392105   2.341407349  1.225418975  2.205773924
536 -0.149867794   2.844677673 -2.468587407  2.319719298
537 -0.875944804   0.657675479 -0.995442500  1.149432201
538  0.030021489   0.180815389  0.650262686  0.988817833
539 -0.913360437  -1.224805631 -0.082898698  1.004147755
540  0.603502263  -2.128553919 -0.358546238 -0.272212935
541  0.468808860  -1.728283439 -0.338032452 -0.930276548
542  1.990547962  -0.473004198  0.151765341 -1.827070148
543  0.098767639   2.378795054 -1.210586590 -2.198121428
544 -0.320344735   3.845378236 -0.264743240 -1.635442752
545  1.038873645   2.769394884  0.060256546 -0.599113473
546 -0.543831465   3.289025755 -1.330399481  2.780432680
547  0.394592567  -0.592525259 -1.274688891  1.837975067
548 -0.411100979  -1.367008173 -0.803503130 -0.389854269
549  0.787623832  -1.076262366  0.393869476 -1.331417203
550  0.274297064   1.103033746 -0.590163247 -0.678671900
551  3.908798035   0.557095458  0.725920661 -0.701788438
552  0.628300290   5.031626098 -3.231713021 -0.246156635
553 -0.342712587   3.494272891 -0.707411812 -0.451546427
554 -0.572205612   1.856973563 -1.081082258  0.278288232
555  0.129960584   0.709680020  1.390848261  0.654369744
556  2.693134532   0.054352199  1.393807139  1.170354830
557  0.568137646   1.718484989 -3.535066552  0.293178923
558 -0.767354130   2.375175598  0.451891968  0.103873053
559 -1.049295455   0.015340688  0.948290235  1.158260936
560 -0.408897824  -2.551644771 -0.673296844  0.963277746
561 -0.074584834   1.500440904  0.337262386 -0.499350221
562 -0.519152888   0.588731874 -1.242782567 -0.761476315
563 -0.951089041   4.350061428  0.296839651  0.297607216
564 -0.747786784   3.523753158  3.514065568  1.718101594
565  0.479945962   1.891827020  0.811986361  4.934582608
566 -0.735546183  -1.923541929 -3.790209472  3.529630070
567 -0.345413810  -4.330172839  0.792878660  0.309336609
568 -1.058096959  -3.897979594 -0.044553382 -0.887099971
569 -1.134333122  -4.068805335  1.175844029 -2.523026838
570  2.740034325  -3.211999614  2.595810997 -2.095860664
571  0.259240671   0.548306315 -1.494145575 -0.504578734
572  0.376566533   4.149639190  0.031814795 -1.715599611
573 -0.166717391   4.167461796 -0.660620145 -0.984473993
574  5.393200066   3.332073959 -0.528989747  0.183969595
575  0.284187486   6.778168297 -4.580658523  1.800630162
576 -0.197134475   3.243080480 -1.652737112  0.487482670
577  0.941217157   0.979017720  0.391306641  0.297076394
578  2.576693676   1.065408787 -0.762461308 -0.223759182
579  2.526559687   3.192632451 -1.659454977 -0.791839003
580  1.525467886   4.492828375 -1.622116888 -1.200639411
581  0.573484769   7.373921670 -1.849023183 -0.703667330
582 -0.735006402   6.945321386 -2.153850677 -0.024417382
583 -0.814533992   4.332836814 -0.958868161  1.547953537
584 -0.293814506   1.080594786  0.191994859  2.148297396
585 -0.969745178  -1.350339350 -1.606600817  2.481939539
586  3.528602076  -2.059155448 -0.249502704  1.839394358
587  0.362191104   2.005122375 -1.721829819  1.546688316
588 -0.222362219   1.202433856 -0.246722446  0.008153454
589 -0.978404524   0.515416803 -0.448530569 -0.089157283
590 -0.845787833  -0.125932104  0.786829056 -0.179612279
591 -0.533348234  -1.770298148  0.246458164  1.015563992
592  0.277362495  -2.242831689 -0.336810749  1.215986500
593 -0.932235829   0.643220465  0.281630617 -0.563391347
594 -0.818237907  -0.164783994  0.991109392 -0.903773901
595  2.373852281   0.653806966  0.864673385  0.836726231
596  0.700541787   3.522689129 -1.783908130  0.112340637
597 -0.529401103   2.685454266 -0.446407754 -0.187985175
598 -0.926830990   1.200857283  0.851766131  5.287805996
599 -1.165943345  -4.055919662 -0.872931496  4.202022108
600 -0.952641737  -7.145119780 -0.331048264  1.437287871
601  2.472293874  -4.944986467  1.514516526 -0.541122932
602  2.522974841  -1.481604113  1.808795568 -0.621463613
603  0.061908902   1.798838948 -0.855957176 -0.321007326
604  1.056379174   1.260157541  1.138099246  1.705688274
605  0.138030863   0.172855454 -1.665402168  1.198852130
606 -0.098860864   2.055995117 -0.626241766 -0.299958568
607 -0.709773915   1.143462482 -0.658185059 -0.853887513
608  0.425038846   0.498067612  1.554612763 -0.723597426
609  2.747457250   0.473862709  0.582093483 -0.385441533
610  0.035621461   4.389397440 -2.800837671  1.515716645
611 -0.736754861   2.082116484 -0.474371761  1.228825835
612  0.583110449  -0.564711332 -1.069172166  1.745567874
613  1.561781404  -1.217571898 -0.203139765 -0.295164190
614 -0.437308460  -0.035782146 -0.826945303 -0.732020475
615 -0.762856255   0.049629991  0.486612620 -1.392753753
616 -0.871009330  -0.563000692  5.796366430 -0.888218583
617 -0.801824966  -1.464792347 -0.541695812  3.885342066
618 -0.358597138  -4.199040585  0.029011901  1.214463204
619 -0.356946643  -4.721628839  1.491620590 -1.051716007
620 -0.919250055  -3.534143890  2.349850163 -1.040290343
621  0.027931078   0.483537915 -0.085295343 -0.906914226
622 -0.969256889   0.003623318  0.729785612 -0.357007252
623  0.200100874  -1.298521986 -0.352447105 -0.597159629
624  0.919120906  -0.674026065  2.004536134 -0.400680675
625 -0.210043675   2.208676918 -1.654359689  1.404141396
626  2.355125972  -0.141604255 -1.200820032  0.061064190
627  1.118094619   2.529231605 -1.641881862 -1.213861320
628 -0.519271195   2.711424604 -1.205333950 -0.888578687
629 -0.321132924   1.564823984 -0.402065697  0.841437232
630  0.317545849  -0.378703305 -0.842276436  6.376219849
631 -0.508102282  -2.957977343  1.165370763  2.891875845
632  1.075574518  -5.180168606  0.430126994  1.391367350
633 -0.073116984  -4.020430038  1.676859388 -0.796493472
634 -0.941969145  -2.958160446  1.748753172 -0.848036885
635  0.580170991  -3.477237323  0.869122323  0.081928261
636 -0.680151994  -2.572032648 -0.163777966 -0.350441878
637 -1.046020707  -2.540553748  2.157128099 -1.064768606
638  0.049315710  -0.836240162  0.326345873 -0.419802948
639 -0.744992444   0.026399567  0.992367214 -1.266323891
640 -1.108115122  -0.250874892  0.264632303 -0.678353789
641 -1.189824184  -1.167238909  0.256512119  0.920683461
642 -1.190285830  -3.223827935 -0.191899365  1.170969088
643  1.419707169  -4.788278530  1.168212751 -0.100563630
644  0.425356053  -2.079151004 -0.440292274 -1.351919432
645 -0.811252563   0.503341345  0.510970878 -2.165152071
646  1.769273170   3.094884336  3.072353508  0.188913263
647 -0.115434378   6.088032403 -2.770898940  1.349230281
648 -0.780551660   3.986723718 -1.210978032  0.716190353
649 -1.103575656   0.812300377 -1.051757611  1.272205291
650 -0.650108982  -2.049487455  5.230246535  0.750144118
651 -0.842253950  -2.920544151 -1.647867152  1.386127617
652  2.626854824  -3.566603395  1.190258608  0.466945398
653  1.613923493   0.662437244 -2.409846550 -0.526673748
654  0.661579895   1.676417869 -1.043010352 -1.771467494
655  1.300883739   2.172968688  0.671044634 -0.491954016
656 -0.563132133   3.262802451 -2.305459273 -0.231649564
657 -0.769699757   2.080317154 -0.100663426 -0.889717107
658  2.647042864   0.943290420 -0.600906581 -0.158731078
659  0.942638268   6.118969819 -2.653483065 -0.410790783
660  0.239028316   5.594832765 -0.080693807  0.994902067
661 -0.611838713   3.933437593 -1.721204815  1.443455508
662 -0.528064039   2.325304555 -0.324437145  2.113653283
663 -0.468071449  -0.617032309 -1.761465326  1.421693600
664 -0.147075418  -2.527042579 -0.211716800 -0.057226265
665 -0.305407356  -2.593375762  1.096448578 -0.995470758
666  1.574091581   1.682709088  0.777045286 -1.677263077
667 -0.621696025   7.599912747 -1.639090638  1.078414476
668 -0.959844652   4.018939751  0.550431935  1.627661520
669 -1.165070555   1.150107744 -2.073507323  2.198562267
670 -0.850462154  -2.334732194  0.407788433  0.284952496
671  3.284199670  -2.049548665  1.279437737  0.858269282
672  3.543297876   0.777782528 -3.266038885  1.458867223
673  0.452130445   3.298410526 -1.474064825  1.014409566
674 -0.579077410   1.975484109 -1.385960149  0.237952362
675 -0.968953155   0.093552724 -0.536528555 -0.652650004
676 -1.117199446  -0.804144362  0.172488692 -0.588928777
677 -0.019273217  -2.282927764  0.240260820  2.039594922
678  0.319984172  -2.177526531 -0.970135745  0.282546898
679  0.984434038  -2.018899269 -0.353054459 -0.095225966
680  0.016616118  -1.521875534 -0.911639726 -1.647205087
681 -0.041604456  -0.967095738  0.396201207 -2.219672851
682 -0.615650610   1.712159637  0.325432143 -2.463590270
683 -1.003400460   2.111640167  2.638985353 -1.918979566
684 -0.702359124   1.053372578 -0.643250030 -0.146037636
685 -0.999331975  -0.579825080  0.789788841  1.191127949
686  0.058025752  -1.698577967 -0.482025699  2.245352179
687 -0.128873634  -1.187225145 -0.112925090  1.810374227
688  0.749004008  -2.665723094  2.003289681  1.707876198
689 -0.783176483  -2.457924899 -1.839574029  1.730527197
690  0.120781525  -2.349255606  2.944390913 -0.403439567
691  0.896879348  -1.440027191  0.445059279 -0.503979793
692  0.425821065  -0.823143196 -0.803396845 -1.552634543
693 -0.163105071  -0.073912988  1.712760286 -2.093184092
694 -0.369969172   0.203362418 -0.235032621 -0.497371941
695 -0.499702056  -0.048331296  3.829776753 -0.271741974
696 -0.925407841  -0.412114820 -0.233479157  0.501903608
697  0.566111245  -2.133760064  0.941488144 -0.788312795
698 -0.627882812  -1.076922379  0.488116684  4.886035129
699 -0.855585408  -5.292269886 -1.641779202  2.426052012
700  0.198160103  -6.426855101  1.041337969  0.580688029
701  0.689105377  -5.589286877  0.724291980 -1.737410119
702  1.637746800  -3.411217235  0.290055168 -2.711053569
703 -0.508344476   0.008176802 -0.322883002 -2.004388299
704 -0.697162220   0.130335419  0.217502968 -2.250846762
705 -0.590083127   2.368499030  0.506431478 -2.357786299
706 -0.705299324   2.299524541  1.819323175  0.912416269
707  1.258449915   0.686613301 -2.073140074  1.162361636
708 -0.273543860   1.661323625 -0.592133652 -0.273801968
709 -0.812014790   0.830395147  0.566078945 -0.880597770
710 -1.140031608  -0.103959399  1.749493337 -0.969004967
711  0.781956636  -1.057257208  0.255844345 -0.367764603
712 -0.481471037   0.025335692 -0.098865354  1.203462573
713  0.933019361  -0.828228310 -0.971649900 -0.171195483
714 -0.634160681  -0.172574687 -0.570685471 -0.676414988
715 -0.651915648   0.178744404  2.183414984 -1.359067573
716 -1.105841231  -0.457508854  0.175033155  1.993535706
717 -1.158067212   0.428867200 -0.010317991  0.949142874
718  1.494575383  -1.504032596 -0.610401166  2.154419800
719 -0.624550676  -0.656300762 -1.801038299  0.254097690
720 -0.989840596  -1.875589948  0.737071114 -1.739375291
721 -0.017999141  -1.697686913  2.399446740 -2.076735694
722 -0.413267938  -0.477618050  4.835801914  0.858937189
723  0.294164266  -0.430815817 -2.194708579  1.739275341
724 -0.777340274  -1.618464182 -0.556221507  0.626634447
725 -0.402686522  -3.098777420  0.042180747  0.454057736
726  7.874721544  -2.036927392  0.058941939 -0.938719899
727  1.238488052   5.527271632 -3.982897184 -2.068394299
728 -0.394008590   7.030906451 -0.147841263  0.507383028
729  1.181882302   4.480708837 -1.122578418  2.095392965
730 -0.679662411   2.574902488 -2.064870595  4.130291635
731  2.098099691  -1.613258795 -1.640641667  2.579005731
732  0.268083364  -1.604568051 -1.993655995  0.181509777
733 -0.686791687   2.040696260  0.180863264 -2.135684088
734 -1.004795611   1.993268833  0.089641469 -1.469469918
735 -0.656812346   2.984894194  3.329114674 -1.239765652
736 -0.376660496   3.951858022 -1.271547581  3.365663196
737  0.036863076   1.150763151 -1.167466449  2.660883254
738 -0.765956738   0.802010641  0.198902812  2.432346818
739 -0.416844955  -2.576392268 -0.767017998  1.262999878
740 -0.411002974  -3.548527237  0.406038390 -0.219243890
741  2.086378739  -3.358394018  0.267961506  0.087440438
742  0.826654700  -1.309911125 -1.657197068 -1.539911362
743 -0.123438180   2.321879991  2.007340428 -2.094502569
744 -0.973814131   2.268881387  1.594329773  0.187569640
745  0.579737635  -0.266979779 -1.406572114  1.497611019
746 -0.456949368   0.096410665  0.132030946 -0.556659505
747 -0.178095463   0.340706032  0.246906076  1.365473692
748  1.045832451  -1.334130358 -1.318094167  1.057286311
749  1.883406661  -1.192650409 -0.647944135 -0.900840485
750 -0.177702961   2.844141506 -0.343596967 -0.650602893
751  0.018990966   1.848582712 -0.558785710  0.539590453
752 -0.750069782   0.613688964 -1.111624173  0.054843379
753  0.276937134   0.711437365  0.562823768 -1.124129119
754 -0.677811784   1.730568552 -0.801885287 -0.977763304
755 -0.019340556   1.709669064  0.841375253 -0.527035148
756  3.032546067   0.838084299 -0.923871191 -0.374944233
757  0.161531402   4.241905025 -2.132158532  0.138056135
758 -0.762224482   3.070015954 -0.614558133  2.032369083
759  0.126519956  -0.368924070 -0.644632573  3.107907878
760  0.409303377  -2.819458397 -0.843461108  1.432206385
761  0.199357189  -2.758038560  1.288806845 -0.698491323
762 -0.075706823  -2.128947898 -0.625511084 -1.461299344
763 -0.396050972  -0.884528672  1.274770926 -2.656504642
764  3.669391837   0.285110421 -0.085202567 -2.211269035
765  0.509734978   4.656621673 -2.441161352 -2.293675897
766  0.833754037   6.293833723 -0.409218910 -2.286368900
767  1.708013255   5.929456247 -1.942219164 -0.997761646
768  0.424719008   6.211055636 -2.095063704 -0.869502738
769 -0.751555864   4.572580449  1.344712432  0.292577631
770  3.672154733   4.623946319  0.012745398  2.012384016
771  0.053859289   5.367241294 -4.834667598  2.938247968
772 -0.454934712   1.647277546 -1.045005639  0.983950020
773 -0.492977374   1.538547850 -0.431196453  0.183744560
774 -0.855328616   0.211321644  0.642459880 -0.503936968
775 -0.053766108  -1.121956163  1.119645511 -0.957007760
776 -0.993390788  -0.415784145  1.730911201  0.548578227
777 -0.739140004  -1.792648541  0.443999279  1.564169001
778  0.226475117  -3.799124240  0.012632081  0.700820897
779  0.141196288  -3.556545806 -0.194691213  0.022218232
780  0.422164874  -3.346857123 -0.096136857 -1.809325476
781 -0.311934283  -1.420184031  0.700826772 -2.893315728
782 -1.008770043   0.209349952  0.507895464 -0.866815511
783 -1.040984108  -1.126016671 -0.185529226 -0.911373332
784 -1.204632607  -1.790609324  3.747423937 -1.643882065
785 -1.155607556  -1.523477137  0.027044689 -0.731127484
786 -0.364520103  -1.587645928  1.137025963 -1.490782992
787 -0.174701305  -1.313471069  1.039490913  0.580929575
788 -0.182846024  -2.142320556 -0.164757549  0.473439233
789 -0.204665141  -2.261419834 -0.261948870 -0.755240806
790 -0.804318678  -1.459267133  0.171205237 -1.029016469
791 -0.735189607  -2.113185985  1.119139957 -1.346244545
792 -0.763456781  -2.175404941  0.864019043 -0.665908515
793 -0.208481117  -2.435345576  0.504018668 -1.491122402
794 -0.054726116   1.587265900  0.696089471 -2.018710942
795  0.207363343   2.179788205 -0.328355091 -1.127801563
796 -0.946598720   3.294931633 -0.071542731 -0.970266100
797 -0.754448781   2.545371381 -0.030929486  0.395507985
798 -0.823024119   0.510899690  0.624175735  0.162862098
799 -0.469171524  -0.491826870 -0.566486529  1.378683164
800 -0.741505933  -1.884137467 -0.483950478 -0.227142506
801  0.156157286  -2.883726800  2.148778732 -0.877908864
802 -0.583989104  -2.390870214 -0.276848546 -0.698971420
803 -0.938755650  -2.398876259  0.917627741  0.261534307
804 -1.111532735  -3.830097823 -0.245782834 -0.457937629
805 -1.010207847  -4.553277881  1.080732716 -2.091537767
806 -0.932983271  -2.986429514  1.869412849 -3.050505406
807  1.186831482  -1.448125154  0.928051754 -2.195656957
808 -0.182188109   0.574855290  0.046450623 -1.631263260
809 -0.513032474   5.661812617  0.668934120 -1.813438354
810 -0.789750700   4.300729714 -0.525378263  2.658967109
811 -1.004661650   0.297320746  0.426451558  3.444545133
812 -0.752445698  -3.044891323 -1.342524652  1.699794327
813 -0.837833954  -5.000110827  2.542628671 -0.254788062
814 -0.987477406  -5.243428973  0.079843419 -1.093561119
815  0.080293483  -5.094600928  2.779919520 -2.436829635
816  4.323126734  -3.199405571  0.936466382 -2.282904269
817  0.184825888   2.646151282 -1.461022169 -1.816529407
818 -0.775469666   2.919476967 -0.032771356 -1.050195199
819 -1.122754066   1.445921339 -0.643478680 -0.365277686
820  0.057386963  -0.122388913  0.234042640 -0.803484455
821  0.166735375  -0.116192038 -0.642505451 -1.469178502
822 -0.879234719   0.047039753 -0.242143500 -1.948464798
823 -1.105933078   0.266422808  0.783411284 -2.157283626
824 -0.208503220   3.806739829  1.361897254  1.597487381
825  0.914003456   1.928739785 -0.056272629  2.268805895
826 -0.757127001   0.125657560 -2.656554525  3.278972485
827  0.155796349  -3.116783007  2.022940056  0.370981382
828 -0.023107195  -2.501608641 -1.202740484  3.747254922
829 -0.023899998  -4.893356594 -0.816419015  1.530591647
830 -0.278261729  -5.484726166  2.551494369 -1.285761055
831 -0.758709167  -4.131404222  1.755925627  0.982703683
832 -0.841951515  -5.301475566 -0.437596394 -0.281215932
833  0.414904454  -4.275148833  2.315598814  0.916683120
834  2.124691926  -2.961147545 -0.986402550  0.188401336
835  1.012428662   1.757360286 -1.248307076 -1.438422417
836 -0.612558840   2.511472681 -0.742302535 -1.856474936
837 -0.752223702   2.674937962 -0.225273430 -1.684277430
838 -0.670634798   1.840073291 -0.070562480 -1.095872566
839 -0.581707041   2.348714368  0.084721074 -0.602912572
840 -0.818490640   2.346798315  1.723844704  0.590637375
841  3.699437856   2.534975914 -0.910852324  1.194684098
842  1.889638375   3.900919869 -2.766246876  0.402552806
843 -0.372896150   4.366858677 -2.109477405 -0.190438543
844 -0.436574478   3.222357921 -0.732607399 -0.427090548
845 -0.764553180   1.763734002 -0.322761383  0.495336733
846  0.065870131  -0.488823451 -0.359552716  0.167024998
847  0.345259948  -1.032763543  0.402826719  1.891723489
848  0.070642469  -2.286828277 -1.613885372  0.906961732
849 -0.959141218  -2.906301959  0.549529427 -1.354375975
850  0.578685039  -1.959972816  3.210536060 -2.376692403
851 -0.159872697  -0.421244098 -1.212174637  0.412780512
852 -0.712440814   0.870624084  0.682683689 -1.142518053
853 -1.065000735   0.390981645 -0.567860629 -1.116670947
854 -0.614832744  -0.882431693  0.640810860 -0.774629327
855 -0.732269035   0.772942758  1.358634199 -1.050690891
856  1.636046826   3.146455907  1.111592746 -0.560464735
857 -0.349062340   3.306203264 -0.562557525 -0.078918989
858 -0.499020100   1.423913063 -0.034337211 -0.269726361
859 -0.961163142   0.565185735  0.050324142  0.731615428
860 -0.648695144  -1.750965810 -0.637399395  0.974595566
861  0.196843967  -2.492628004  2.023679910 -0.835399550
862  3.754517436  -1.958466360 -0.651980243  0.920373426
863  0.434263167   0.498852215 -2.684992637 -0.932726374
864 -0.186782142   0.331654035 -0.016850664 -2.456364227
865  0.665105410   1.393797464  0.104638495 -2.455852175
866 -0.602320222   4.951328913  1.339522510 -2.236391184
867  0.412856919   5.417862174 -1.286261149 -0.474165298
868  0.476494407   3.892476761 -1.230420167 -0.028546572
869 -0.021181978   2.676882336 -1.515734650 -0.098415843
870 -0.222897863   1.332172669  0.108319795 -0.587037806
871  1.457856274   0.528200686  2.629683422 -0.952197133
872  0.103791557   1.948203348 -1.415392914  0.713230746
873 -0.918211615   1.968904769 -0.967079224  0.796966942
874 -1.158003908  -0.619355383 -0.142478383  0.121642028
875 -0.266358375  -1.923379012  0.074703877 -0.934598768
876 -0.885134059  -1.486942859 -0.011550728 -2.125637460
877 -0.996844089  -0.535668586  0.810572914 -1.942198417
878 -0.934807295  -1.065680004  1.108089385  3.772005365
879 -0.464441709  -3.990972625 -1.750421573  6.046108655
880 -0.557369973  -7.754910114 -0.872798957  3.538359311
881 -1.024900962  -7.879659984  3.593461807  0.241435963
882 -0.991213450  -7.351693987  0.414062368 -1.061162037
883  1.546272666  -6.461319710  1.632714920 -0.827895303
884  3.536814416  -3.539564408  0.052111617 -1.763758563
885  5.689844884   1.051649586 -0.665683084 -3.240757570
886  0.238531905   8.475392874 -3.164536808 -3.058900529
887  1.893181474   7.723316347 -0.778579440 -0.990747288
888  0.989525651   7.890885336 -1.297654988  1.711173358
889  1.252009774   4.817782193 -0.595794029  2.054474523
890 -0.576563271   2.564508314 -2.936053886  2.463095336
891 -0.759280837  -0.028618266 -0.559920583  1.432912849
892 -0.712764682  -2.555136170 -0.044901392  0.778519073
893  0.147136428  -1.744194118  1.039745778 -0.110214363
894 -0.840748591  -1.549684359  0.586897575 -0.993767639
895  0.410403406  -2.105144797  0.087585092 -0.810841959
896 -0.099336473  -1.329171811  0.098656277 -1.936343540
897  0.104215592   1.614860188  0.394199622 -1.784616383
898  0.467484568   1.751877910  2.263783512  1.146390572
899 -0.110978329   0.230469383 -2.796800842  1.284246702
900 -0.764455454  -1.200965633  0.137593058 -0.677976630
901 -0.665677363  -0.598372999  0.501461445 -1.368553688
902  1.095029124  -0.917279295  1.620663311 -1.757527744
903  0.204969510   1.515706467 -1.026263264 -1.684225030
904  0.081387437   2.789500303  0.262394241 -1.425402126
905 -0.916598326   3.480971654 -0.640945993 -0.584087479
906 -0.551532879   1.448270137 -0.020290761 -0.299451607
907  0.176988974  -0.090930868 -0.632185561 -0.277620642
908  4.584305883   0.160140892 -0.736645310 -0.236580237
909  0.423957268   5.597900142 -2.236650907  0.637174436
910  0.406110432   3.316085391 -0.356443535  0.679497844
911  1.151313572   2.477544279 -1.089832919  0.579063167
912 -0.465465368   4.255547544  0.780532507  0.122010424
913  1.194544176   2.244643132 -0.170539890  1.150103399
914 -0.463380885   1.513119529 -2.567787707  1.292885385
915 -1.081064754  -0.579189669  0.042124072 -0.538152702
916 -1.074334012  -1.168284076  4.859377846 -1.416997245
917  1.321304895  -1.728695216 -1.081772824  0.675143416
918  0.523664307  -1.440001965 -1.137243781 -1.349703636
919 -0.765793284  -0.182403760  0.745160224 -2.577230082
920 -1.058789543   0.215033314  0.338202863 -2.379925718
921 -0.365334247   2.078764406  1.362809121 -2.261597288
922 -0.316113431   2.409669235 -0.011354230 -0.820909342
923  4.511966621   1.042584011 -0.480621280  0.271152950
924  1.738784260   3.900529709 -0.033065890 -0.432924797
925  0.896949096   4.215917554 -1.958611511 -0.157341849
926  1.472224583   6.588598199 -1.136848979 -0.048174657
927 -0.483130111   5.601348746 -2.008917618  0.558678470
928 -0.341445946   5.866894761 -0.527785391  3.959980261
929 -0.321858921   1.200463761 -2.506155239  3.434943041
930 -0.795047652  -1.463200285  0.973183294  1.009875423
931  0.767772181  -3.073763950  0.001244486  2.046027096
932  2.593774176  -3.780170793 -1.381578162 -0.355312897
933  0.218151709   1.246822476 -0.361182300 -1.747308365
934 -0.493676523   1.752711606 -0.293179336 -0.831302502
935 -1.081267567   0.634716947  0.200393208  0.715950337
936 -0.429487689  -0.954213239 -0.251505948  2.947473738
937  0.085997180  -1.111575826 -0.595086160  0.910088775
938 -0.823469735  -1.822335602 -0.549498491 -0.637217641
939 -0.564661064  -1.075763237  4.701706564 -1.940993755
940  0.374526119  -0.909473706 -1.244662039  0.323537953
941 -0.393179715  -1.436002490  1.071288428 -1.379913000
942 -0.950363656  -1.322263865 -0.087103399 -1.766217118
943  3.273681013  -1.778761665  0.644212026 -2.522139878
944  0.550127479   2.826903433 -0.843513016 -2.270783210
945  0.614023868   3.643744208 -0.316130698 -1.348459297
946  0.165036405   4.201510786 -0.068697915 -0.259163579
947 -0.841853106   3.403428110 -1.071173128  0.880319808
948 -0.084967445   0.605007354 -1.094909372  0.606169886
949 -0.619409873  -0.877843079 -0.341539982 -0.799538995
950 -0.992729372  -1.754117573  0.268013630 -0.830423569
951 -0.437455196  -2.726502584  2.270729712 -1.412176937
952 -0.358105393  -2.436789356  0.223728672 -1.262395980
953  1.806068537  -1.512094164  0.724227034 -2.023862259
954  3.804914763   0.892594000  0.473955457 -2.274226825
955  0.171421106   5.544921971 -2.332840073  1.879696637
956 -0.892063609   2.912755811 -2.162677662  1.642257913
957 -0.077366281   1.719159307 -0.533717938  2.189953602
958 -0.037289204  -0.476286043 -1.727966084  1.979955036
959  2.285208161  -1.862551923 -0.639945146  1.744631192
960 -0.421982501  -0.516519687 -2.323886775 -0.382921858
961 -0.409295665  -0.357044984  0.473340712  0.404313213
962 -0.776743737  -1.678097120 -0.787469937  0.509708683
963  0.772831287  -1.302615261  1.472319654 -1.044283001
964  0.925493981  -0.079444654 -1.245312461 -1.253854252
965  0.304536366   0.719263822  0.921457512 -1.981065102
966  1.763659431   1.256835306  0.828825328  1.444148335
967 -0.244834756   0.997422583 -2.790033365  2.064136982
968  1.638128710  -1.628453967 -0.593453223  0.069962537
969 -0.581497428  -0.598236155  0.123686900 -0.904584557
970 -0.161411822   0.845094456  1.483721697 -1.000437245
971 -0.938937912   1.583943621 -0.182486475 -0.104892707
972 -0.925810673   0.769464670 -0.591598431  1.272561932
973 -0.488336196  -1.822374253  0.212487693  0.443035708
974 -0.681173207  -1.745791040 -0.009113574 -0.227875185
975  0.450215518  -1.550308836  0.607315571 -1.591598905
976  0.751899079  -0.094787953  2.161607985  2.472867684
977  0.246104271  -1.708406846 -2.882031986  1.868805525
978 -0.274635533  -2.736493991 -0.227497683 -0.739774298
979  2.380241289  -1.424304972  1.143190291 -0.706984615
980  0.090235767   1.041019145 -1.922798145 -1.032992418
981  0.245998191   2.876839997  0.544365077 -1.940368816
982 -0.043917316   4.652582401 -0.959029310 -1.074475620
983  0.837426081   3.125487380  0.149361337  0.084311192
984  0.472169495   2.082919868 -2.326142443  1.045772452
985  0.929503421   0.577145191 -0.796099662  0.127018145
986 -0.227269906   0.965978161 -0.200196149  0.141340849
987 -1.040323518   0.136615282 -0.039515787 -0.666091748
988 -0.181040218  -1.152471503  1.348338903  1.590518257
989 -1.028813960  -2.546521870 -1.385096579  0.692082462
990 -0.062315015  -3.911296638  1.902186103 -1.059531197
991  0.198800812  -2.958783293  0.721252512 -0.734252894
992  0.833258508  -2.517106658  0.517864419 -1.359340533
993  2.101907696  -0.372760613  0.568068135 -1.928778902
994 -0.235905940   5.621853368 -0.265812889  0.454702851
995  1.342007873   4.279118271 -1.418733702  1.814833116
996 -0.231503569   3.671352160 -2.785858668  0.987185560
997 -0.662973864   1.764099954 -0.428197619 -0.101192276
998 -0.822084673   4.860539096  0.478077616 -0.360866526
999 -0.506416785   3.106533974 -0.108604495  2.317854679
$Tlen
[1] 1000

$baseline_gamma
[1] 0

$actual_gamma
[1] 0

$A_matrix
      [,1]  [,2]  [,3]  [,4]
[1,]  0.21  0.00  0.00  0.00
[2,]  0.94  0.75  0.01 -0.61
[3,] -0.65 -0.24 -0.39 -0.35
[4,] -0.05  0.28  0.43  0.68

$B
[1] 30

$L
[1] 10

$repetitions
[1] 200

